0 info it worked if it ends with ok
1 verbose cli [ 'C:\\Program Files\\nodejs\\node.exe',
1 verbose cli   'C:\\Program Files\\nodejs\\node_modules\\npm\\bin\\npm-cli.js',
1 verbose cli   'install',
1 verbose cli   '-g',
1 verbose cli   'eslint-config-promise' ]
2 info using npm@2.15.5
3 info using node@v4.4.5
4 verbose install initial load of C:\Users\sever\AppData\Roaming\npm\package.json
5 verbose readDependencies loading dependencies from C:\Users\sever\AppData\Roaming\npm\package.json
6 silly cache add args [ 'eslint-config-promise', null ]
7 verbose cache add spec eslint-config-promise
8 silly cache add parsed spec Result {
8 silly cache add   raw: 'eslint-config-promise',
8 silly cache add   scope: null,
8 silly cache add   name: 'eslint-config-promise',
8 silly cache add   rawSpec: '',
8 silly cache add   spec: 'latest',
8 silly cache add   type: 'tag' }
9 silly addNamed eslint-config-promise@latest
10 verbose addNamed "latest" is being treated as a dist-tag for eslint-config-promise
11 info addNameTag [ 'eslint-config-promise', 'latest' ]
12 silly mapToRegistry name eslint-config-promise
13 silly mapToRegistry using default registry
14 silly mapToRegistry registry https://registry.npmjs.org/
15 silly mapToRegistry data Result {
15 silly mapToRegistry   raw: 'eslint-config-promise',
15 silly mapToRegistry   scope: null,
15 silly mapToRegistry   name: 'eslint-config-promise',
15 silly mapToRegistry   rawSpec: '',
15 silly mapToRegistry   spec: 'latest',
15 silly mapToRegistry   type: 'tag' }
16 silly mapToRegistry uri https://registry.npmjs.org/eslint-config-promise
17 verbose addNameTag registry:https://registry.npmjs.org/eslint-config-promise not in flight; fetching
18 verbose request uri https://registry.npmjs.org/eslint-config-promise
19 verbose request no auth needed
20 info attempt registry request try #1 at 19:10:01
21 verbose request id e5ca6bdfc59ebe4d
22 http request GET https://registry.npmjs.org/eslint-config-promise
23 http 404 https://registry.npmjs.org/eslint-config-promise
24 verbose headers { 'content-type': 'application/json',
24 verbose headers   'cache-control': 'max-age=0',
24 verbose headers   'content-length': '2',
24 verbose headers   'accept-ranges': 'bytes',
24 verbose headers   date: 'Mon, 08 Aug 2016 16:10:01 GMT',
24 verbose headers   via: '1.1 varnish',
24 verbose headers   age: '0',
24 verbose headers   connection: 'keep-alive',
24 verbose headers   'x-served-by': 'cache-ams4134-AMS',
24 verbose headers   'x-cache': 'MISS',
24 verbose headers   'x-cache-hits': '0',
24 verbose headers   'x-timer': 'S1470672601.105857,VS0,VE576',
24 verbose headers   vary: 'Accept-Encoding' }
25 silly get cb [ 404,
25 silly get   { 'content-type': 'application/json',
25 silly get     'cache-control': 'max-age=0',
25 silly get     'content-length': '2',
25 silly get     'accept-ranges': 'bytes',
25 silly get     date: 'Mon, 08 Aug 2016 16:10:01 GMT',
25 silly get     via: '1.1 varnish',
25 silly get     age: '0',
25 silly get     connection: 'keep-alive',
25 silly get     'x-served-by': 'cache-ams4134-AMS',
25 silly get     'x-cache': 'MISS',
25 silly get     'x-cache-hits': '0',
25 silly get     'x-timer': 'S1470672601.105857,VS0,VE576',
25 silly get     vary: 'Accept-Encoding' } ]
26 verbose stack Error: Registry returned 404 for GET on https://registry.npmjs.org/eslint-config-promise
26 verbose stack     at makeError (C:\Program Files\nodejs\node_modules\npm\node_modules\npm-registry-client\lib\request.js:264:12)
26 verbose stack     at CachingRegistryClient.<anonymous> (C:\Program Files\nodejs\node_modules\npm\node_modules\npm-registry-client\lib\request.js:242:14)
26 verbose stack     at Request._callback (C:\Program Files\nodejs\node_modules\npm\node_modules\npm-registry-client\lib\request.js:172:14)
26 verbose stack     at Request.self.callback (C:\Program Files\nodejs\node_modules\npm\node_modules\request\request.js:200:22)
26 verbose stack     at emitTwo (events.js:87:13)
26 verbose stack     at Request.emit (events.js:172:7)
26 verbose stack     at Request.<anonymous> (C:\Program Files\nodejs\node_modules\npm\node_modules\request\request.js:1067:10)
26 verbose stack     at emitOne (events.js:82:20)
26 verbose stack     at Request.emit (events.js:169:7)
26 verbose stack     at IncomingMessage.<anonymous> (C:\Program Files\nodejs\node_modules\npm\node_modules\request\request.js:988:12)
27 verbose statusCode 404
28 verbose pkgid eslint-config-promise
29 verbose cwd C:\Users\sever\Documents\dev\code\shri_yandex_2016\shri-2016-task6\public
30 error Windows_NT 6.1.7601
31 error argv "C:\\Program Files\\nodejs\\node.exe" "C:\\Program Files\\nodejs\\node_modules\\npm\\bin\\npm-cli.js" "install" "-g" "eslint-config-promise"
32 error node v4.4.5
33 error npm  v2.15.5
34 error code E404
35 error 404 Registry returned 404 for GET on https://registry.npmjs.org/eslint-config-promise
35 error 404
35 error 404 'eslint-config-promise' is not in the npm registry.
35 error 404 You should bug the author to publish it (or use the name yourself!)
35 error 404
35 error 404 Note that you can also install from a
35 error 404 tarball, folder, http url, or git url.
36 verbose exit [ 1, true ]
